<?xml version="1.0" encoding="UTF-8"?>
<!-- Generated by org.testng.reporters.JUnitReportReporter -->
<testsuite hostname="DESKTOP-7GG3OQG" failures="1" tests="9" name="testSuites.editBasicInfo" time="59.754" errors="0" timestamp="2021-02-22T14:01:11 EET" skipped="0">
  <testcase classname="testSuites.editBasicInfo" name="openProfileTab" time="14.517"/>
  <system-out/>
  <testcase classname="testSuites.editBasicInfo" name="openEditBasicinfo" time="1.649"/>
  <system-out/>
  <testcase classname="testSuites.editBasicInfo" name="editGender" time="6.979"/>
  <system-out/>
  <testcase classname="testSuites.editBasicInfo" name="editGenderIsreturnedRight" time="11.307">
    <failure type="java.lang.AssertionError">
      <![CDATA[java.lang.AssertionError
at org.junit.Assert.fail(Assert.java:86)
at org.junit.Assert.assertTrue(Assert.java:41)
at org.junit.Assert.assertTrue(Assert.java:52)
at testSuites.editBasicInfo.editGenderIsreturnedRight(editBasicInfo.java:71)
at java.base/jdk.internal.reflect.NativeMethodAccessorImpl.invoke0(Native Method)
at java.base/jdk.internal.reflect.NativeMethodAccessorImpl.invoke(NativeMethodAccessorImpl.java:64)
at java.base/jdk.internal.reflect.DelegatingMethodAccessorImpl.invoke(DelegatingMethodAccessorImpl.java:43)
at java.base/java.lang.reflect.Method.invoke(Method.java:564)
at org.testng.internal.MethodInvocationHelper.invokeMethod(MethodInvocationHelper.java:132)
at org.testng.internal.TestInvoker.invokeMethod(TestInvoker.java:599)
at org.testng.internal.TestInvoker.invokeTestMethod(TestInvoker.java:174)
at org.testng.internal.MethodRunner.runInSequence(MethodRunner.java:46)
at org.testng.internal.TestInvoker$MethodInvocationAgent.invoke(TestInvoker.java:822)
at org.testng.internal.TestInvoker.invokeTestMethods(TestInvoker.java:147)
at org.testng.internal.TestMethodWorker.invokeTestMethods(TestMethodWorker.java:146)
at org.testng.internal.TestMethodWorker.run(TestMethodWorker.java:128)
at java.base/java.util.ArrayList.forEach(ArrayList.java:1511)
at org.testng.TestRunner.privateRun(TestRunner.java:764)
at org.testng.TestRunner.run(TestRunner.java:585)
at org.testng.SuiteRunner.runTest(SuiteRunner.java:384)
at org.testng.SuiteRunner.runSequentially(SuiteRunner.java:378)
at org.testng.SuiteRunner.privateRun(SuiteRunner.java:337)
at org.testng.SuiteRunner.run(SuiteRunner.java:286)
at org.testng.SuiteRunnerWorker.runSuite(SuiteRunnerWorker.java:53)
at org.testng.SuiteRunnerWorker.run(SuiteRunnerWorker.java:96)
at org.testng.TestNG.runSuitesSequentially(TestNG.java:1218)
at org.testng.TestNG.runSuitesLocally(TestNG.java:1140)
at org.testng.TestNG.runSuites(TestNG.java:1069)
at org.testng.TestNG.run(TestNG.java:1037)
at org.testng.remote.AbstractRemoteTestNG.run(AbstractRemoteTestNG.java:115)
at org.testng.remote.RemoteTestNG.initAndRun(RemoteTestNG.java:251)
at org.testng.remote.RemoteTestNG.main(RemoteTestNG.java:77)
]]>
    </failure>
  </testcase> <!-- editGenderIsreturnedRight -->
  <system-out/>
  <testcase classname="testSuites.editBasicInfo" name="editDateOfBirth" time="11.834"/>
  <system-out/>
  <testcase classname="testSuites.editBasicInfo" name="changeHeight" time="4.148"/>
  <system-out/>
  <testcase classname="testSuites.editBasicInfo" name="newHeightreturned" time="1.700"/>
  <system-out/>
  <testcase classname="testSuites.editBasicInfo" name="changeweight" time="4.095"/>
  <system-out/>
  <testcase classname="testSuites.editBasicInfo" name="newWeightReturned" time="3.525"/>
  <system-out/>
</testsuite> <!-- testSuites.editBasicInfo -->
